{
  "RSpec": {
    "coverage": {
      "/Users/enekotabernagoitiz/RubymineProjects/osgapa/lib/log_parser.rb": {
        "lines": [
          1,
          null,
          1,
          1,
          2,
          2,
          null,
          2,
          null,
          null,
          1,
          null,
          1,
          12,
          null,
          null,
          1,
          2,
          null,
          null
        ]
      },
      "/Users/enekotabernagoitiz/RubymineProjects/osgapa/lib/log_visits_result.rb": {
        "lines": [
          1,
          1,
          11,
          15,
          8,
          null,
          null,
          1,
          32,
          null,
          null,
          1,
          4,
          3,
          null,
          null,
          null,
          1,
          null,
          1,
          1,
          null,
          null,
          1,
          2,
          null,
          null,
          1,
          3,
          null,
          null
        ]
      },
      "/Users/enekotabernagoitiz/RubymineProjects/osgapa/spec/models/log_visits_result_spec.rb": {
        "lines": [
          1,
          1,
          null,
          1,
          14,
          1,
          1,
          1,
          1,
          null,
          null,
          1,
          1,
          1,
          null,
          null,
          null,
          1,
          1,
          1,
          null,
          null,
          1,
          1,
          1,
          null,
          null,
          null,
          1,
          1,
          null,
          1,
          1,
          1,
          null,
          null,
          1,
          1,
          null,
          null,
          null,
          null,
          1,
          1,
          1,
          1,
          5,
          null,
          null,
          null,
          1,
          1,
          null,
          null,
          null,
          1,
          4,
          null,
          1,
          4,
          null,
          null,
          1,
          4,
          null,
          null,
          1,
          1,
          null,
          null,
          1,
          1,
          null,
          null,
          1,
          null,
          1,
          1,
          null,
          null,
          null,
          1,
          2,
          null,
          1,
          1,
          null,
          null,
          null,
          null,
          1,
          2,
          null,
          1,
          1,
          null,
          null,
          null,
          1,
          2,
          null,
          1,
          1,
          null,
          null,
          null
        ]
      },
      "/Users/enekotabernagoitiz/RubymineProjects/osgapa/spec/models/sorted_log_stats_extractor_spec.rb": {
        "lines": [
          1,
          1,
          null,
          1,
          1,
          3,
          null,
          2,
          2,
          null,
          1,
          1,
          1,
          1,
          1,
          null,
          1,
          null,
          null,
          1,
          2,
          null,
          1,
          1,
          null,
          null,
          null,
          null,
          1,
          2,
          null,
          1,
          1,
          1,
          1,
          null,
          1,
          null,
          null,
          1,
          2,
          null,
          1,
          2,
          null,
          null,
          null,
          null
        ]
      },
      "/Users/enekotabernagoitiz/RubymineProjects/osgapa/lib/sorted_log_stats_extractor.rb": {
        "lines": [
          1,
          null,
          1,
          1,
          null,
          2,
          1,
          1,
          1,
          1,
          null,
          null,
          null,
          1,
          null,
          null,
          1,
          3,
          null,
          null
        ]
      }
    },
    "timestamp": 1605256490
  }
}
